06-Nov-24 20:54:09 [DEBUG] Starting new HTTPS connection (1): accounts.spotify.com:443
06-Nov-24 20:54:09 [DEBUG] https://accounts.spotify.com:443 "POST /api/token HTTP/11" 200 None
06-Nov-24 20:54:09 [INFO] Access token retrieved successfully
06-Nov-24 20:54:09 [INFO] Spotify API token: BQDArie2yC0FKxz4Jfi1oH8yq78L57bv9jXVismSFzrnWLUwEsIc0zXX_SLAKc8mIgZ1t12xUE4OcB7TnNUhmD4gD1N18rVaQNw1_vKhBpiDayeJaXU
06-Nov-24 20:54:09 [INFO] Discogs API token: EaALIPVnUVkCSfqeUhhWzcdXZfgXNvERIHfabBFh
06-Nov-24 20:54:09 [DEBUG] Starting new HTTPS connection (1): api.spotify.com:443
06-Nov-24 20:54:09 [DEBUG] https://api.spotify.com:443 "GET /v1/playlists/37i9dQZEVXbMDoHDwVN2tF HTTP/11" 200 None
06-Nov-24 20:54:09 [INFO] Playlist information retrieved successfully
06-Nov-24 20:54:09 [INFO] Playlist 'Top 50 - Global' saved successfully
06-Nov-24 20:54:09 [DEBUG] Starting new HTTPS connection (1): api.spotify.com:443
06-Nov-24 20:54:10 [DEBUG] https://api.spotify.com:443 "GET /v1/playlists/37i9dQZEVXbLRQDuF5jeBp HTTP/11" 200 None
06-Nov-24 20:54:10 [INFO] Playlist information retrieved successfully
06-Nov-24 20:54:10 [INFO] Playlist 'Top 50 - USA' saved successfully
06-Nov-24 20:54:10 [DEBUG] Starting new HTTPS connection (1): api.spotify.com:443
06-Nov-24 20:54:10 [DEBUG] https://api.spotify.com:443 "GET /v1/playlists/37i9dQZEVXbKj23U1GF4IR HTTP/11" 200 None
06-Nov-24 20:54:10 [INFO] Playlist information retrieved successfully
06-Nov-24 20:54:10 [INFO] Playlist 'Top 50 - Canada' saved successfully
06-Nov-24 20:54:10 [DEBUG] Starting new HTTPS connection (1): api.spotify.com:443
06-Nov-24 20:54:11 [DEBUG] https://api.spotify.com:443 "GET /v1/playlists/37i9dQZEVXbMXbN3EUUhlg HTTP/11" 200 None
06-Nov-24 20:54:11 [INFO] Playlist information retrieved successfully
06-Nov-24 20:54:11 [INFO] Playlist 'Top 50 - Brazil' saved successfully
06-Nov-24 20:54:11 [DEBUG] Starting new HTTPS connection (1): api.spotify.com:443
06-Nov-24 20:54:11 [DEBUG] https://api.spotify.com:443 "GET /v1/playlists/37i9dQZEVXbMMy2roB9myp HTTP/11" 200 None
06-Nov-24 20:54:11 [INFO] Playlist information retrieved successfully
06-Nov-24 20:54:11 [INFO] Playlist 'Top 50 - Argentina' saved successfully
06-Nov-24 20:54:11 [DEBUG] Starting new HTTPS connection (1): api.spotify.com:443
06-Nov-24 20:54:12 [DEBUG] https://api.spotify.com:443 "GET /v1/playlists/37i9dQZEVXbJiZcmkrIHGU HTTP/11" 200 None
06-Nov-24 20:54:12 [INFO] Playlist information retrieved successfully
06-Nov-24 20:54:12 [INFO] Playlist 'Top 50 - Germany' saved successfully
06-Nov-24 20:54:12 [DEBUG] Starting new HTTPS connection (1): api.spotify.com:443
06-Nov-24 20:54:12 [DEBUG] https://api.spotify.com:443 "GET /v1/playlists/37i9dQZEVXbIPWwFssbupI HTTP/11" 200 None
06-Nov-24 20:54:12 [INFO] Playlist information retrieved successfully
06-Nov-24 20:54:12 [INFO] Playlist 'Top 50 - France' saved successfully
06-Nov-24 20:54:12 [DEBUG] Starting new HTTPS connection (1): api.spotify.com:443
06-Nov-24 20:54:13 [DEBUG] https://api.spotify.com:443 "GET /v1/playlists/37i9dQZEVXbNFJfN1Vw8d9 HTTP/11" 200 None
06-Nov-24 20:54:13 [INFO] Playlist information retrieved successfully
06-Nov-24 20:54:13 [INFO] Playlist 'Top 50 - Spain' saved successfully
06-Nov-24 20:54:13 [DEBUG] Starting new HTTPS connection (1): api.spotify.com:443
06-Nov-24 20:54:13 [DEBUG] https://api.spotify.com:443 "GET /v1/playlists/37i9dQZEVXbKkidEfWYRuD HTTP/11" 200 None
06-Nov-24 20:54:13 [INFO] Playlist information retrieved successfully
06-Nov-24 20:54:13 [INFO] Playlist 'Top 50 - Ukraine' saved successfully
06-Nov-24 20:54:13 [DEBUG] Starting new HTTPS connection (1): api.spotify.com:443
06-Nov-24 20:54:14 [DEBUG] https://api.spotify.com:443 "GET /v1/playlists/37i9dQZEVXbMH2jvi6jvjk HTTP/11" 200 None
06-Nov-24 20:54:14 [INFO] Playlist information retrieved successfully
06-Nov-24 20:54:14 [INFO] Playlist 'Top 50 - South Africa' saved successfully
06-Nov-24 20:54:14 [DEBUG] Starting new HTTPS connection (1): api.spotify.com:443
06-Nov-24 20:54:14 [DEBUG] https://api.spotify.com:443 "GET /v1/playlists/37i9dQZEVXbM4UZuIrvHvA HTTP/11" 200 None
06-Nov-24 20:54:14 [INFO] Playlist information retrieved successfully
06-Nov-24 20:54:14 [INFO] Playlist 'Top 50 - UAE' saved successfully
06-Nov-24 20:54:14 [DEBUG] Starting new HTTPS connection (1): api.spotify.com:443
06-Nov-24 20:54:15 [DEBUG] https://api.spotify.com:443 "GET /v1/playlists/37i9dQZEVXbNxXF4SkHj9F HTTP/11" 200 None
06-Nov-24 20:54:15 [INFO] Playlist information retrieved successfully
06-Nov-24 20:54:15 [INFO] Playlist 'Top 50 - South Korea' saved successfully
06-Nov-24 20:54:15 [DEBUG] Starting new HTTPS connection (1): api.spotify.com:443
06-Nov-24 20:54:15 [DEBUG] https://api.spotify.com:443 "GET /v1/playlists/37i9dQZEVXbLZ52XmnySJg HTTP/11" 200 None
06-Nov-24 20:54:15 [INFO] Playlist information retrieved successfully
06-Nov-24 20:54:15 [INFO] Playlist 'Top 50 - India' saved successfully
06-Nov-24 20:54:15 [DEBUG] Starting new HTTPS connection (1): api.spotify.com:443
06-Nov-24 20:54:16 [DEBUG] https://api.spotify.com:443 "GET /v1/playlists/37i9dQZEVXbLnolsZ8PSNw HTTP/11" 200 None
06-Nov-24 20:54:16 [INFO] Playlist information retrieved successfully
06-Nov-24 20:54:16 [INFO] Playlist 'Top 50 - United Kingdom' saved successfully
06-Nov-24 20:54:16 [DEBUG] Starting new HTTPS connection (1): api.spotify.com:443
06-Nov-24 20:54:16 [DEBUG] https://api.spotify.com:443 "GET /v1/playlists/37i9dQZEVXbKY7jLzlJ11V HTTP/11" 200 None
06-Nov-24 20:54:16 [INFO] Playlist information retrieved successfully
06-Nov-24 20:54:16 [INFO] Playlist 'Top 50 - Nigeria' saved successfully
06-Nov-24 20:54:16 [DEBUG] Starting new HTTPS connection (1): api.spotify.com:443
06-Nov-24 20:54:17 [DEBUG] https://api.spotify.com:443 "GET /v1/playlists/37i9dQZEVXbMDoHDwVN2tF HTTP/11" 200 None
06-Nov-24 20:54:17 [INFO] Playlist information retrieved successfully
06-Nov-24 20:54:17 [INFO] Retrieving playlist data for playlist ID: 37i9dQZEVXbMDoHDwVN2tF
06-Nov-24 20:54:17 [INFO] Playlist 'Top 50 - Global' processed with 50 tracks.
06-Nov-24 20:54:17 [DEBUG] Starting new HTTPS connection (1): api.spotify.com:443
06-Nov-24 20:54:17 [DEBUG] https://api.spotify.com:443 "GET /v1/playlists/37i9dQZEVXbLRQDuF5jeBp HTTP/11" 200 None
06-Nov-24 20:54:18 [INFO] Playlist information retrieved successfully
06-Nov-24 20:54:18 [INFO] Retrieving playlist data for playlist ID: 37i9dQZEVXbLRQDuF5jeBp
06-Nov-24 20:54:18 [INFO] Playlist 'Top 50 - USA' processed with 50 tracks.
06-Nov-24 20:54:18 [DEBUG] Starting new HTTPS connection (1): api.spotify.com:443
06-Nov-24 20:54:18 [DEBUG] https://api.spotify.com:443 "GET /v1/playlists/37i9dQZEVXbKj23U1GF4IR HTTP/11" 200 None
06-Nov-24 20:54:18 [INFO] Playlist information retrieved successfully
06-Nov-24 20:54:18 [INFO] Retrieving playlist data for playlist ID: 37i9dQZEVXbKj23U1GF4IR
06-Nov-24 20:54:18 [INFO] Playlist 'Top 50 - Canada' processed with 50 tracks.
06-Nov-24 20:54:18 [DEBUG] Starting new HTTPS connection (1): api.spotify.com:443
06-Nov-24 20:54:19 [DEBUG] https://api.spotify.com:443 "GET /v1/playlists/37i9dQZEVXbMXbN3EUUhlg HTTP/11" 200 None
06-Nov-24 20:54:19 [INFO] Playlist information retrieved successfully
06-Nov-24 20:54:19 [INFO] Retrieving playlist data for playlist ID: 37i9dQZEVXbMXbN3EUUhlg
06-Nov-24 20:54:19 [INFO] Playlist 'Top 50 - Brazil' processed with 50 tracks.
06-Nov-24 20:54:19 [DEBUG] Starting new HTTPS connection (1): api.spotify.com:443
06-Nov-24 20:54:19 [DEBUG] https://api.spotify.com:443 "GET /v1/playlists/37i9dQZEVXbMMy2roB9myp HTTP/11" 200 None
06-Nov-24 20:54:20 [INFO] Playlist information retrieved successfully
06-Nov-24 20:54:20 [INFO] Retrieving playlist data for playlist ID: 37i9dQZEVXbMMy2roB9myp
06-Nov-24 20:54:20 [INFO] Playlist 'Top 50 - Argentina' processed with 50 tracks.
06-Nov-24 20:54:20 [DEBUG] Starting new HTTPS connection (1): api.spotify.com:443
06-Nov-24 20:54:20 [DEBUG] https://api.spotify.com:443 "GET /v1/playlists/37i9dQZEVXbJiZcmkrIHGU HTTP/11" 200 None
06-Nov-24 20:54:20 [INFO] Playlist information retrieved successfully
06-Nov-24 20:54:20 [INFO] Retrieving playlist data for playlist ID: 37i9dQZEVXbJiZcmkrIHGU
06-Nov-24 20:54:20 [INFO] Playlist 'Top 50 - Germany' processed with 50 tracks.
06-Nov-24 20:54:20 [DEBUG] Starting new HTTPS connection (1): api.spotify.com:443
06-Nov-24 20:54:21 [DEBUG] https://api.spotify.com:443 "GET /v1/playlists/37i9dQZEVXbIPWwFssbupI HTTP/11" 200 None
06-Nov-24 20:54:21 [INFO] Playlist information retrieved successfully
06-Nov-24 20:54:21 [INFO] Retrieving playlist data for playlist ID: 37i9dQZEVXbIPWwFssbupI
06-Nov-24 20:54:21 [INFO] Playlist 'Top 50 - France' processed with 50 tracks.
06-Nov-24 20:54:21 [DEBUG] Starting new HTTPS connection (1): api.spotify.com:443
06-Nov-24 20:54:22 [DEBUG] https://api.spotify.com:443 "GET /v1/playlists/37i9dQZEVXbNFJfN1Vw8d9 HTTP/11" 200 None
06-Nov-24 20:54:22 [INFO] Playlist information retrieved successfully
06-Nov-24 20:54:22 [INFO] Retrieving playlist data for playlist ID: 37i9dQZEVXbNFJfN1Vw8d9
06-Nov-24 20:54:22 [INFO] Playlist 'Top 50 - Spain' processed with 50 tracks.
06-Nov-24 20:54:22 [DEBUG] Starting new HTTPS connection (1): api.spotify.com:443
06-Nov-24 20:54:22 [DEBUG] https://api.spotify.com:443 "GET /v1/playlists/37i9dQZEVXbKkidEfWYRuD HTTP/11" 200 None
06-Nov-24 20:54:22 [INFO] Playlist information retrieved successfully
06-Nov-24 20:54:22 [INFO] Retrieving playlist data for playlist ID: 37i9dQZEVXbKkidEfWYRuD
06-Nov-24 20:54:23 [INFO] Playlist 'Top 50 - Ukraine' processed with 50 tracks.
06-Nov-24 20:54:23 [DEBUG] Starting new HTTPS connection (1): api.spotify.com:443
06-Nov-24 20:54:23 [DEBUG] https://api.spotify.com:443 "GET /v1/playlists/37i9dQZEVXbMH2jvi6jvjk HTTP/11" 200 None
06-Nov-24 20:54:23 [INFO] Playlist information retrieved successfully
06-Nov-24 20:54:23 [INFO] Retrieving playlist data for playlist ID: 37i9dQZEVXbMH2jvi6jvjk
06-Nov-24 20:54:23 [INFO] Playlist 'Top 50 - South Africa' processed with 50 tracks.
06-Nov-24 20:54:23 [DEBUG] Starting new HTTPS connection (1): api.spotify.com:443
06-Nov-24 20:54:24 [DEBUG] https://api.spotify.com:443 "GET /v1/playlists/37i9dQZEVXbM4UZuIrvHvA HTTP/11" 200 None
06-Nov-24 20:54:24 [INFO] Playlist information retrieved successfully
06-Nov-24 20:54:24 [INFO] Retrieving playlist data for playlist ID: 37i9dQZEVXbM4UZuIrvHvA
06-Nov-24 20:54:24 [INFO] Playlist 'Top 50 - UAE' processed with 50 tracks.
06-Nov-24 20:54:24 [DEBUG] Starting new HTTPS connection (1): api.spotify.com:443
06-Nov-24 20:54:24 [DEBUG] https://api.spotify.com:443 "GET /v1/playlists/37i9dQZEVXbNxXF4SkHj9F HTTP/11" 200 None
06-Nov-24 20:54:24 [INFO] Playlist information retrieved successfully
06-Nov-24 20:54:24 [INFO] Retrieving playlist data for playlist ID: 37i9dQZEVXbNxXF4SkHj9F
06-Nov-24 20:54:24 [INFO] Playlist 'Top 50 - South Korea' processed with 50 tracks.
06-Nov-24 20:54:24 [DEBUG] Starting new HTTPS connection (1): api.spotify.com:443
06-Nov-24 20:54:25 [DEBUG] https://api.spotify.com:443 "GET /v1/playlists/37i9dQZEVXbLZ52XmnySJg HTTP/11" 200 None
06-Nov-24 20:54:25 [INFO] Playlist information retrieved successfully
06-Nov-24 20:54:25 [INFO] Retrieving playlist data for playlist ID: 37i9dQZEVXbLZ52XmnySJg
06-Nov-24 20:54:25 [INFO] Playlist 'Top 50 - India' processed with 50 tracks.
06-Nov-24 20:54:25 [DEBUG] Starting new HTTPS connection (1): api.spotify.com:443
06-Nov-24 20:54:26 [DEBUG] https://api.spotify.com:443 "GET /v1/playlists/37i9dQZEVXbLnolsZ8PSNw HTTP/11" 200 None
06-Nov-24 20:54:26 [INFO] Playlist information retrieved successfully
06-Nov-24 20:54:26 [INFO] Retrieving playlist data for playlist ID: 37i9dQZEVXbLnolsZ8PSNw
06-Nov-24 20:54:26 [INFO] Playlist 'Top 50 - United Kingdom' processed with 50 tracks.
06-Nov-24 20:54:26 [DEBUG] Starting new HTTPS connection (1): api.spotify.com:443
06-Nov-24 20:54:26 [DEBUG] https://api.spotify.com:443 "GET /v1/playlists/37i9dQZEVXbKY7jLzlJ11V HTTP/11" 200 None
06-Nov-24 20:54:26 [INFO] Playlist information retrieved successfully
06-Nov-24 20:54:26 [INFO] Retrieving playlist data for playlist ID: 37i9dQZEVXbKY7jLzlJ11V
06-Nov-24 20:54:26 [INFO] Playlist 'Top 50 - Nigeria' processed with 50 tracks.
06-Nov-24 20:54:26 [INFO] All playlists processed successfully.
06-Nov-24 20:54:26 [DEBUG]                 playlist_id     playlist_name  playlist_followers_total  \
0    37i9dQZEVXbMDoHDwVN2tF   Top 50 - Global                  17105368   
1    37i9dQZEVXbMDoHDwVN2tF   Top 50 - Global                  17105368   
2    37i9dQZEVXbMDoHDwVN2tF   Top 50 - Global                  17105368   
3    37i9dQZEVXbMDoHDwVN2tF   Top 50 - Global                  17105368   
4    37i9dQZEVXbMDoHDwVN2tF   Top 50 - Global                  17105368   
..                      ...               ...                       ...   
745  37i9dQZEVXbKY7jLzlJ11V  Top 50 - Nigeria                     37604   
746  37i9dQZEVXbKY7jLzlJ11V  Top 50 - Nigeria                     37604   
747  37i9dQZEVXbKY7jLzlJ11V  Top 50 - Nigeria                     37604   
748  37i9dQZEVXbKY7jLzlJ11V  Top 50 - Nigeria                     37604   
749  37i9dQZEVXbKY7jLzlJ11V  Top 50 - Nigeria                     37604   

                   track_id                    track_name  \
0    2plbrEY59IikOBgBGLjaoe              Die With A Smile   
1    5vNRhkKd0yEAg8suGBpjeY                          APT.   
2    6dOtVTDdiauQNBQEDOtlAB            BIRDS OF A FEATHER   
3    7tI8dRuH2Yc6RuoTjxo4dU                           Who   
4    1cOboCuWYI2osTOfolMRS6                       Tu Boda   
..                      ...                           ...   
745  1edi2KPh2oghMy8ExJiFBN                 Can't Breathe   
746  6qS9yoAUIXNfno5t4YLQdn                          Risk   
747  6VX4hVDmDMfClxp6EwDNQP  Bad Vibes (feat. Seyi Vibez)   
748  75q8hbmYdey6tQZig1ksXZ                     Testimony   
749  5oUDNEJSEjsVT7LeWya4Gv                        HEHEHE   

           track_added_at  track_duration_ms  track_popularity  \
0    2024-11-06T12:28:41Z             251667               100   
1    2024-11-06T12:28:41Z             169917                97   
2    2024-11-06T12:28:41Z             210373                97   
3    2024-11-06T12:28:41Z             170887                92   
4    2024-11-06T12:28:41Z             225880                92   
..                    ...                ...               ...   
745  2024-11-06T12:28:49Z             142120                60   
746  2024-11-06T12:28:49Z             202958                66   
747  2024-11-06T12:28:49Z             168406                64   
748  2024-11-06T12:28:49Z             156610                55   
749  2024-11-06T12:28:49Z             113720                64   

     track_explicit track_restrictions    track_isrc track_ean track_upc  \
0             False               None  USUM72409273      None      None   
1             False               None  USAT22409172      None      None   
2             False               None  USUM72401994      None      None   
3             False               None  USA2P2431062      None      None   
4              True               None  QZ9QQ2400535      None      None   
..              ...                ...           ...       ...       ...   
745            True               None  QZWA32200768      None      None   
746            True               None  QZWA32200683      None      None   
747           False               None  USUG12402798      None      None   
748           False               None  USA2P2467439      None      None   
749           False               None  NGUM72400009      None      None   

                   album_id            album_name album_release_date  \
0    10FLjwfpbxLmW8c25Xyc2N      Die With A Smile         2024-08-16   
1    2IYQwwgxgOIn7t3iF6ufFD                  APT.         2024-10-18   
2    7aJuG4TFXa2hmE4z1yxc3n  HIT ME HARD AND SOFT         2024-05-17   
3    15XcLhiVMlSOipUddTNDnr                  MUSE         2024-07-19   
4    60cQzWfmdg4hyDXrpW6kOA               Tu Boda         2024-09-26   
..                      ...                   ...                ...   
745  3FKJJUAE8VhRVFvrRPQuaP              Homeless         2024-07-25   
746  1dfsKiTgOKzA8sLHCNMuKc              Stubborn         2024-06-21   
747  1W25XYjRQPob14CkgOYVms  The Year I Turned 21         2024-05-30   
748  4Bq63FBY1mHB47cn6xZuvK             Testimony         2024-10-25   
749  2DDaN7Pgx9uDPd8IbWWW9H                  HEIS         2024-07-10   

    album_type  album_total_tracks album_restrictions  \
0       single                   1               None   
1       single                   1               None   
2        album                  10               None   
3        album                   7               None   
4       single                   1               None   
..         ...                 ...                ...   
745      album                  12               None   
746      album                  14               None   
747      album                  15               None   
748     single                   1               None   
749      album                  11               None   

                                          artist_id  \
0    1HY2Jd0NmPuamShAr6KMms, 0du5cEVh5yTK9QJze8zA0C   
1    3eVa5w3URK5duf6eyVDbu9, 0du5cEVh5yTK9QJze8zA0C   
2                            6qqNVTkY8uBg9cP3Jd7DAH   
3                            1oSPZhvZMIrWW5I41kPkkY   
4    3l9G1G9MxH6DaRhwLklaf5, 0ys2OFYzWYB5hRDLCsBqxt   
..                                              ...   
745                          3hz0ZIs5SlEnlK0ML7FmNc   
746                          1E5hfn5BduN2nnoZCJmUVG   
747  3ZpEKRjHaHANcpk10u6Ntq, 4zmZ8lVLzGc84S4v2B1rLx   
748                          7gCoPolzUpHjzOhp22ihoN   
749                          46pWGuE3dSwY3bMMXGBvVS   

                     artist_name  
0          Lady Gaga, Bruno Mars  
1               ROSÉ, Bruno Mars  
2                  Billie Eilish  
3                          Jimin  
4    Oscar Maydon, Fuerza Regida  
..                           ...  
745                        Llona  
746                      Victony  
747       Ayra Starr, Seyi Vibez  
748                  BhadBoi OML  
749                         Rema  

[750 rows x 21 columns]
06-Nov-24 20:54:26 [INFO] Playlists data saved to ./data/preprocessed/playlists.csv
06-Nov-24 20:54:26 [DEBUG] Starting new HTTPS connection (1): api.spotify.com:443
06-Nov-24 20:54:27 [DEBUG] https://api.spotify.com:443 "GET /v1/albums/4K4avZBw8VwDiTaukQ0snS HTTP/11" 429 None
06-Nov-24 20:54:27 [ERROR] Failed to retrieve album 4K4avZBw8VwDiTaukQ0snS: Expecting value: line 1 column 1 (char 0)
06-Nov-24 20:54:27 [ERROR] Album data not found for album ID: 4K4avZBw8VwDiTaukQ0snS
06-Nov-24 20:54:27 [DEBUG] Starting new HTTPS connection (1): api.spotify.com:443
06-Nov-24 20:54:27 [DEBUG] https://api.spotify.com:443 "GET /v1/albums/3c1EWuqoXW71z03rvyogVr HTTP/11" 429 None
06-Nov-24 20:54:27 [ERROR] Failed to retrieve album 3c1EWuqoXW71z03rvyogVr: Expecting value: line 1 column 1 (char 0)
06-Nov-24 20:54:27 [ERROR] Album data not found for album ID: 3c1EWuqoXW71z03rvyogVr
06-Nov-24 20:54:27 [DEBUG] Starting new HTTPS connection (1): api.spotify.com:443
06-Nov-24 20:54:27 [DEBUG] https://api.spotify.com:443 "GET /v1/albums/0jMhgDRoYlzzqIM407XCPk HTTP/11" 429 None
06-Nov-24 20:54:27 [ERROR] Failed to retrieve album 0jMhgDRoYlzzqIM407XCPk: Expecting value: line 1 column 1 (char 0)
06-Nov-24 20:54:27 [ERROR] Album data not found for album ID: 0jMhgDRoYlzzqIM407XCPk
06-Nov-24 20:54:27 [DEBUG] Starting new HTTPS connection (1): api.spotify.com:443
06-Nov-24 20:54:27 [DEBUG] https://api.spotify.com:443 "GET /v1/albums/0FiwuAsxJG4I8SXjvIw4x5 HTTP/11" 429 None
06-Nov-24 20:54:27 [ERROR] Failed to retrieve album 0FiwuAsxJG4I8SXjvIw4x5: Expecting value: line 1 column 1 (char 0)
06-Nov-24 20:54:28 [ERROR] Album data not found for album ID: 0FiwuAsxJG4I8SXjvIw4x5
06-Nov-24 20:54:28 [DEBUG] Starting new HTTPS connection (1): api.spotify.com:443
06-Nov-24 20:54:28 [DEBUG] https://api.spotify.com:443 "GET /v1/albums/1FVw30SoC91lq1UZ6N9rwN HTTP/11" 429 None
06-Nov-24 20:54:28 [ERROR] Failed to retrieve album 1FVw30SoC91lq1UZ6N9rwN: Expecting value: line 1 column 1 (char 0)
06-Nov-24 20:54:28 [ERROR] Album data not found for album ID: 1FVw30SoC91lq1UZ6N9rwN
06-Nov-24 20:54:28 [DEBUG] Starting new HTTPS connection (1): api.spotify.com:443
06-Nov-24 20:54:28 [DEBUG] https://api.spotify.com:443 "GET /v1/albums/63IolVUykZCHMlu2zu9jHS HTTP/11" 429 None
06-Nov-24 20:54:28 [ERROR] Failed to retrieve album 63IolVUykZCHMlu2zu9jHS: Expecting value: line 1 column 1 (char 0)
06-Nov-24 20:54:28 [ERROR] Album data not found for album ID: 63IolVUykZCHMlu2zu9jHS
06-Nov-24 20:54:28 [DEBUG] Starting new HTTPS connection (1): api.spotify.com:443
06-Nov-24 20:54:28 [DEBUG] https://api.spotify.com:443 "GET /v1/albums/24wMgJBKYxWz1cSScyEBiz HTTP/11" 429 None
06-Nov-24 20:54:28 [ERROR] Failed to retrieve album 24wMgJBKYxWz1cSScyEBiz: Expecting value: line 1 column 1 (char 0)
06-Nov-24 20:54:29 [ERROR] Album data not found for album ID: 24wMgJBKYxWz1cSScyEBiz
06-Nov-24 20:54:29 [DEBUG] Starting new HTTPS connection (1): api.spotify.com:443
06-Nov-24 20:54:29 [DEBUG] https://api.spotify.com:443 "GET /v1/albums/7kUEtGrWj083U6ppOmGAeQ HTTP/11" 429 None
06-Nov-24 20:54:29 [ERROR] Failed to retrieve album 7kUEtGrWj083U6ppOmGAeQ: Expecting value: line 1 column 1 (char 0)
06-Nov-24 20:54:29 [ERROR] Album data not found for album ID: 7kUEtGrWj083U6ppOmGAeQ
06-Nov-24 20:54:29 [DEBUG] Starting new HTTPS connection (1): api.spotify.com:443
06-Nov-24 20:54:29 [DEBUG] https://api.spotify.com:443 "GET /v1/albums/4sLNpzARYcLX5BIGLOvgNC HTTP/11" 429 None
06-Nov-24 20:54:29 [ERROR] Failed to retrieve album 4sLNpzARYcLX5BIGLOvgNC: Expecting value: line 1 column 1 (char 0)
06-Nov-24 20:54:29 [ERROR] Album data not found for album ID: 4sLNpzARYcLX5BIGLOvgNC
06-Nov-24 20:54:29 [DEBUG] Starting new HTTPS connection (1): api.spotify.com:443
06-Nov-24 20:54:29 [DEBUG] https://api.spotify.com:443 "GET /v1/albums/4cAjvCWbcfaDhuiJxew1Sw HTTP/11" 429 None
06-Nov-24 20:54:29 [ERROR] Failed to retrieve album 4cAjvCWbcfaDhuiJxew1Sw: Expecting value: line 1 column 1 (char 0)
06-Nov-24 20:54:29 [ERROR] Album data not found for album ID: 4cAjvCWbcfaDhuiJxew1Sw
06-Nov-24 20:54:29 [DEBUG] Starting new HTTPS connection (1): api.spotify.com:443
06-Nov-24 20:54:30 [DEBUG] https://api.spotify.com:443 "GET /v1/albums/5zE9oNFI9xWwuhW11OOvii HTTP/11" 429 None
06-Nov-24 20:54:30 [ERROR] Failed to retrieve album 5zE9oNFI9xWwuhW11OOvii: Expecting value: line 1 column 1 (char 0)
06-Nov-24 20:54:30 [ERROR] Album data not found for album ID: 5zE9oNFI9xWwuhW11OOvii
06-Nov-24 20:54:30 [DEBUG] Starting new HTTPS connection (1): api.spotify.com:443
06-Nov-24 20:54:30 [DEBUG] https://api.spotify.com:443 "GET /v1/albums/4aDHZ1X3DFmHBVV4RkNNaN HTTP/11" 429 None
06-Nov-24 20:54:30 [ERROR] Failed to retrieve album 4aDHZ1X3DFmHBVV4RkNNaN: Expecting value: line 1 column 1 (char 0)
06-Nov-24 20:54:30 [ERROR] Album data not found for album ID: 4aDHZ1X3DFmHBVV4RkNNaN
06-Nov-24 20:54:30 [DEBUG] Starting new HTTPS connection (1): api.spotify.com:443
06-Nov-24 20:54:30 [DEBUG] https://api.spotify.com:443 "GET /v1/albums/7IrTWvmwWzNs06jd3kEyMQ HTTP/11" 429 None
06-Nov-24 20:54:30 [ERROR] Failed to retrieve album 7IrTWvmwWzNs06jd3kEyMQ: Expecting value: line 1 column 1 (char 0)
06-Nov-24 20:54:30 [ERROR] Album data not found for album ID: 7IrTWvmwWzNs06jd3kEyMQ
06-Nov-24 20:54:30 [DEBUG] Starting new HTTPS connection (1): api.spotify.com:443
06-Nov-24 20:54:31 [DEBUG] https://api.spotify.com:443 "GET /v1/albums/2vpwmi9Ch0ImPCOVgr09zV HTTP/11" 429 None
06-Nov-24 20:54:31 [ERROR] Failed to retrieve album 2vpwmi9Ch0ImPCOVgr09zV: Expecting value: line 1 column 1 (char 0)
06-Nov-24 20:54:31 [ERROR] Album data not found for album ID: 2vpwmi9Ch0ImPCOVgr09zV
06-Nov-24 20:54:31 [DEBUG] Starting new HTTPS connection (1): api.spotify.com:443
06-Nov-24 20:54:31 [DEBUG] https://api.spotify.com:443 "GET /v1/albums/0TxewlKVKdpP18dGg279ep HTTP/11" 429 None
06-Nov-24 20:54:31 [ERROR] Failed to retrieve album 0TxewlKVKdpP18dGg279ep: Expecting value: line 1 column 1 (char 0)
06-Nov-24 20:54:31 [ERROR] Album data not found for album ID: 0TxewlKVKdpP18dGg279ep
06-Nov-24 20:54:31 [DEBUG] Starting new HTTPS connection (1): api.spotify.com:443
06-Nov-24 20:54:31 [DEBUG] https://api.spotify.com:443 "GET /v1/albums/6SHZjDJD8769qn7l5kGp4r HTTP/11" 429 None
06-Nov-24 20:54:31 [ERROR] Failed to retrieve album 6SHZjDJD8769qn7l5kGp4r: Expecting value: line 1 column 1 (char 0)
06-Nov-24 20:54:31 [ERROR] Album data not found for album ID: 6SHZjDJD8769qn7l5kGp4r
06-Nov-24 20:54:31 [DEBUG] Starting new HTTPS connection (1): api.spotify.com:443
06-Nov-24 20:54:31 [DEBUG] https://api.spotify.com:443 "GET /v1/albums/53ypn8GuVhuJjspKSaadUE HTTP/11" 429 None
06-Nov-24 20:54:31 [ERROR] Failed to retrieve album 53ypn8GuVhuJjspKSaadUE: Expecting value: line 1 column 1 (char 0)
06-Nov-24 20:54:32 [ERROR] Album data not found for album ID: 53ypn8GuVhuJjspKSaadUE
06-Nov-24 20:54:32 [DEBUG] Starting new HTTPS connection (1): api.spotify.com:443
06-Nov-24 20:54:32 [DEBUG] https://api.spotify.com:443 "GET /v1/albums/145FYiluHlYCPGO2MOLhU4 HTTP/11" 429 None
06-Nov-24 20:54:32 [ERROR] Failed to retrieve album 145FYiluHlYCPGO2MOLhU4: Expecting value: line 1 column 1 (char 0)
